

Started GET "/poker/deal" for ::1 at 2015-01-16 16:50:26 -0600

ActionController::RoutingError (No route matches [GET] "/poker/deal"):
  web-console (2.0.0) lib/action_dispatch/debug_exceptions.rb:22:in `middleware_call'
  web-console (2.0.0) lib/action_dispatch/debug_exceptions.rb:13:in `call'
  actionpack (4.2.0) lib/action_dispatch/middleware/show_exceptions.rb:30:in `call'
  railties (4.2.0) lib/rails/rack/logger.rb:38:in `call_app'
  railties (4.2.0) lib/rails/rack/logger.rb:20:in `block in call'
  activesupport (4.2.0) lib/active_support/tagged_logging.rb:68:in `block in tagged'
  activesupport (4.2.0) lib/active_support/tagged_logging.rb:26:in `tagged'
  activesupport (4.2.0) lib/active_support/tagged_logging.rb:68:in `tagged'
  railties (4.2.0) lib/rails/rack/logger.rb:20:in `call'
  actionpack (4.2.0) lib/action_dispatch/middleware/request_id.rb:21:in `call'
  rack (1.6.0) lib/rack/methodoverride.rb:22:in `call'
  rack (1.6.0) lib/rack/runtime.rb:18:in `call'
  activesupport (4.2.0) lib/active_support/cache/strategy/local_cache_middleware.rb:28:in `call'
  rack (1.6.0) lib/rack/lock.rb:17:in `call'
  actionpack (4.2.0) lib/action_dispatch/middleware/static.rb:113:in `call'
  rack (1.6.0) lib/rack/sendfile.rb:113:in `call'
  railties (4.2.0) lib/rails/engine.rb:518:in `call'
  railties (4.2.0) lib/rails/application.rb:164:in `call'
  rack (1.6.0) lib/rack/lock.rb:17:in `call'
  rack (1.6.0) lib/rack/content_length.rb:15:in `call'
  rack (1.6.0) lib/rack/handler/webrick.rb:89:in `service'
  /Users/robertgibson/.rvm/rubies/ruby-2.2.0/lib/ruby/2.2.0/webrick/httpserver.rb:138:in `service'
  /Users/robertgibson/.rvm/rubies/ruby-2.2.0/lib/ruby/2.2.0/webrick/httpserver.rb:94:in `run'
  /Users/robertgibson/.rvm/rubies/ruby-2.2.0/lib/ruby/2.2.0/webrick/server.rb:294:in `block in start_thread'


  Rendered /Users/robertgibson/.rvm/gems/ruby-2.2.0/gems/web-console-2.0.0/lib/action_dispatch/templates/rescues/_trace.html.erb (2.0ms)
  Rendered /Users/robertgibson/.rvm/gems/ruby-2.2.0/gems/web-console-2.0.0/lib/action_dispatch/templates/routes/_route.html.erb (0.9ms)
  Rendered /Users/robertgibson/.rvm/gems/ruby-2.2.0/gems/web-console-2.0.0/lib/action_dispatch/templates/routes/_table.html.erb (14.1ms)
  Rendered /Users/robertgibson/.rvm/gems/ruby-2.2.0/gems/web-console-2.0.0/lib/action_dispatch/templates/rescues/_request_and_response.html.erb (11.5ms)
  Rendered /Users/robertgibson/.rvm/gems/ruby-2.2.0/gems/web-console-2.0.0/lib/action_dispatch/templates/rescues/_web_console.html.erb (1.3ms)
  Rendered /Users/robertgibson/.rvm/gems/ruby-2.2.0/gems/web-console-2.0.0/lib/action_dispatch/templates/rescues/routing_error.html.erb within rescues/layout (136.8ms)


Started GET "/poker" for ::1 at 2015-01-16 16:50:30 -0600
Processing by PokerController#deal as HTML
  Rendered poker/deal.html.erb within layouts/application (0.9ms)
Completed 200 OK in 1725ms (Views: 1724.0ms | ActiveRecord: 0.0ms)


Started GET "/poker" for ::1 at 2015-01-16 16:50:32 -0600
Processing by PokerController#deal as HTML
  Rendered poker/deal.html.erb within layouts/application (0.1ms)
Completed 200 OK in 35ms (Views: 34.5ms | ActiveRecord: 0.0ms)


Started GET "/poker" for ::1 at 2015-01-16 16:50:38 -0600
Processing by PokerController#deal as HTML
  Rendered poker/deal.html.erb within layouts/application (0.1ms)
Completed 200 OK in 35ms (Views: 34.2ms | ActiveRecord: 0.0ms)


Started GET "/poker" for ::1 at 2015-01-16 16:50:43 -0600
Processing by PokerController#deal as HTML
  Rendered poker/deal.html.erb within layouts/application (0.1ms)
Completed 200 OK in 33ms (Views: 32.0ms | ActiveRecord: 0.0ms)


Started GET "/poker" for ::1 at 2015-01-16 16:50:49 -0600
Processing by PokerController#deal as HTML
  Rendered poker/deal.html.erb within layouts/application (0.1ms)
Completed 200 OK in 38ms (Views: 37.0ms | ActiveRecord: 0.0ms)
